<?xml version="1.0" encoding="UTF-8"?>
<!-- Generated by org.testng.reporters.JUnitReportReporter -->
<testsuite hostname="sapjump302" failures="0" tests="1" name="com.monster.runner.SampleTest" time="12.607" errors="0" timestamp="19 Jan 2020 08:25:17 GMT" skipped="0">
  <testcase classname="com.monster.runner.SampleTest" name="SampleTest1" time="12.607"/>
</testsuite> <!-- com.monster.runner.SampleTest -->
