<?xml version="1.0" encoding="UTF-8"?>
<!-- Generated by org.testng.reporters.JUnitReportReporter -->
<testsuite skipped="0" hostname="DTSIPLS120_MonsterProject" name="com.demo.sampleTest.SampleTest1" tests="3" failures="0" timestamp="01 Oct 2020 14:10:41 GMT" time="98.502" errors="0">
  <testcase name="SampleTest1Method" time="34.139" classname="com.demo.sampleTest.SampleTest1"/>
  <testcase name="SampleTest1Method" time="33.250" classname="com.demo.sampleTest.SampleTest1"/>
  <testcase name="SampleTest1Method" time="31.113" classname="com.demo.sampleTest.SampleTest1"/>
</testsuite> <!-- com.demo.sampleTest.SampleTest1 -->
